mode: set
github.com/lamtrinh/go-ecom-hexagon/order-service/cmd/main.go:13.13,15.16 2 0
github.com/lamtrinh/go-ecom-hexagon/order-service/cmd/main.go:15.16,17.3 1 0
github.com/lamtrinh/go-ecom-hexagon/order-service/cmd/main.go:19.2,20.16 2 0
github.com/lamtrinh/go-ecom-hexagon/order-service/cmd/main.go:20.16,22.3 1 0
github.com/lamtrinh/go-ecom-hexagon/order-service/cmd/main.go:23.2,25.19 3 0
github.com/lamtrinh/go-ecom-hexagon/order-service/internal/adapters/grpc/grpc.go:11.117,13.42 2 0
github.com/lamtrinh/go-ecom-hexagon/order-service/internal/adapters/grpc/grpc.go:13.42,19.3 1 0
github.com/lamtrinh/go-ecom-hexagon/order-service/internal/adapters/grpc/grpc.go:21.2,23.16 3 0
github.com/lamtrinh/go-ecom-hexagon/order-service/internal/adapters/grpc/grpc.go:23.16,25.3 1 0
github.com/lamtrinh/go-ecom-hexagon/order-service/internal/adapters/grpc/grpc.go:27.2,29.8 1 0
github.com/lamtrinh/go-ecom-hexagon/order-service/internal/adapters/grpc/server.go:22.55,27.2 1 0
github.com/lamtrinh/go-ecom-hexagon/order-service/internal/adapters/grpc/server.go:29.24,31.16 2 0
github.com/lamtrinh/go-ecom-hexagon/order-service/internal/adapters/grpc/server.go:31.16,33.3 1 0
github.com/lamtrinh/go-ecom-hexagon/order-service/internal/adapters/grpc/server.go:35.2,38.38 3 0
github.com/lamtrinh/go-ecom-hexagon/order-service/internal/adapters/grpc/server.go:38.38,40.3 1 0
github.com/lamtrinh/go-ecom-hexagon/order-service/internal/adapters/grpc/server.go:42.2,42.45 1 0
github.com/lamtrinh/go-ecom-hexagon/order-service/internal/adapters/grpc/server.go:42.45,44.3 1 0
github.com/lamtrinh/go-ecom-hexagon/order-service/internal/adapters/db/db.go:31.54,33.19 2 0
github.com/lamtrinh/go-ecom-hexagon/order-service/internal/adapters/db/db.go:33.19,35.3 1 0
github.com/lamtrinh/go-ecom-hexagon/order-service/internal/adapters/db/db.go:37.2,38.18 2 0
github.com/lamtrinh/go-ecom-hexagon/order-service/internal/adapters/db/db.go:38.18,40.3 1 0
github.com/lamtrinh/go-ecom-hexagon/order-service/internal/adapters/db/db.go:42.2,44.8 1 0
github.com/lamtrinh/go-ecom-hexagon/order-service/internal/adapters/db/db.go:47.55,51.50 4 0
github.com/lamtrinh/go-ecom-hexagon/order-service/internal/adapters/db/db.go:51.50,57.3 1 0
github.com/lamtrinh/go-ecom-hexagon/order-service/internal/adapters/db/db.go:59.2,67.25 2 0
github.com/lamtrinh/go-ecom-hexagon/order-service/internal/adapters/db/db.go:70.50,72.45 2 0
github.com/lamtrinh/go-ecom-hexagon/order-service/internal/adapters/db/db.go:72.45,78.3 1 0
github.com/lamtrinh/go-ecom-hexagon/order-service/internal/adapters/db/db.go:80.2,87.22 3 0
github.com/lamtrinh/go-ecom-hexagon/order-service/internal/adapters/db/db.go:87.22,89.3 1 0
github.com/lamtrinh/go-ecom-hexagon/order-service/internal/adapters/db/db.go:91.2,91.18 1 0
github.com/lamtrinh/go-ecom-hexagon/order-service/config/config.go:9.26,11.2 1 0
github.com/lamtrinh/go-ecom-hexagon/order-service/config/config.go:13.29,15.2 1 0
github.com/lamtrinh/go-ecom-hexagon/order-service/config/config.go:17.22,19.2 1 0
github.com/lamtrinh/go-ecom-hexagon/order-service/config/config.go:21.30,23.2 1 0
github.com/lamtrinh/go-ecom-hexagon/order-service/config/config.go:25.31,29.16 3 0
github.com/lamtrinh/go-ecom-hexagon/order-service/config/config.go:29.16,31.3 1 0
github.com/lamtrinh/go-ecom-hexagon/order-service/config/config.go:33.2,33.13 1 0
github.com/lamtrinh/go-ecom-hexagon/order-service/config/config.go:36.32,38.13 2 0
github.com/lamtrinh/go-ecom-hexagon/order-service/config/config.go:38.13,40.3 1 0
github.com/lamtrinh/go-ecom-hexagon/order-service/config/config.go:42.2,42.10 1 0
github.com/lamtrinh/go-ecom-hexagon/order-service/internal/adapters/payment/payment.go:28.54,37.19 4 0
github.com/lamtrinh/go-ecom-hexagon/order-service/internal/adapters/payment/payment.go:37.19,39.3 1 0
github.com/lamtrinh/go-ecom-hexagon/order-service/internal/adapters/payment/payment.go:41.2,44.16 3 0
github.com/lamtrinh/go-ecom-hexagon/order-service/internal/adapters/payment/payment.go:44.16,46.3 1 0
github.com/lamtrinh/go-ecom-hexagon/order-service/internal/adapters/payment/payment.go:48.2,52.8 2 0
github.com/lamtrinh/go-ecom-hexagon/order-service/internal/adapters/payment/payment.go:55.68,59.20 3 0
github.com/lamtrinh/go-ecom-hexagon/order-service/internal/adapters/payment/payment.go:59.20,61.3 1 0
github.com/lamtrinh/go-ecom-hexagon/order-service/internal/adapters/payment/payment.go:63.2,66.22 3 0
github.com/lamtrinh/go-ecom-hexagon/order-service/internal/adapters/payment/payment.go:66.22,68.3 1 0
github.com/lamtrinh/go-ecom-hexagon/order-service/internal/adapters/payment/payment.go:70.2,70.52 1 0
github.com/lamtrinh/go-ecom-hexagon/order-service/internal/adapters/payment/payment.go:70.52,72.3 1 0
github.com/lamtrinh/go-ecom-hexagon/order-service/internal/adapters/payment/payment.go:74.2,78.9 1 0
github.com/lamtrinh/go-ecom-hexagon/order-service/internal/adapters/payment/payment.go:81.52,90.2 3 0
github.com/lamtrinh/go-ecom-hexagon/order-service/internal/adapters/payment/payment.go:92.96,93.145 1 0
github.com/lamtrinh/go-ecom-hexagon/order-service/internal/adapters/payment/payment.go:93.145,94.54 1 0
github.com/lamtrinh/go-ecom-hexagon/order-service/internal/adapters/payment/payment.go:94.54,96.18 2 0
github.com/lamtrinh/go-ecom-hexagon/order-service/internal/adapters/payment/payment.go:96.18,98.5 1 0
github.com/lamtrinh/go-ecom-hexagon/order-service/internal/adapters/payment/payment.go:100.4,100.19 1 0
github.com/lamtrinh/go-ecom-hexagon/order-service/internal/adapters/payment/payment.go:103.3,103.15 1 0
github.com/lamtrinh/go-ecom-hexagon/order-service/internal/adapters/payment/payment.go:107.59,112.51 1 0
github.com/lamtrinh/go-ecom-hexagon/order-service/internal/adapters/payment/payment.go:112.51,115.4 2 0
github.com/lamtrinh/go-ecom-hexagon/order-service/internal/adapters/payment/payment.go:116.62,118.4 1 0
github.com/lamtrinh/go-ecom-hexagon/order-service/internal/adapters/payment/payment.go:121.2,121.71 1 0
github.com/lamtrinh/go-ecom-hexagon/order-service/internal/application/domain/order.go:19.37,21.36 2 0
github.com/lamtrinh/go-ecom-hexagon/order-service/internal/application/domain/order.go:21.36,23.3 1 0
github.com/lamtrinh/go-ecom-hexagon/order-service/internal/application/domain/order.go:25.2,25.14 1 0
github.com/lamtrinh/go-ecom-hexagon/order-service/internal/application/domain/order.go:28.63,35.2 1 0
github.com/lamtrinh/go-ecom-hexagon/order-service/internal/ports/mock_APIPort.go:16.75,19.19 2 0
github.com/lamtrinh/go-ecom-hexagon/order-service/internal/ports/mock_APIPort.go:19.19,20.52 1 0
github.com/lamtrinh/go-ecom-hexagon/order-service/internal/ports/mock_APIPort.go:23.2,25.73 3 0
github.com/lamtrinh/go-ecom-hexagon/order-service/internal/ports/mock_APIPort.go:25.73,27.3 1 0
github.com/lamtrinh/go-ecom-hexagon/order-service/internal/ports/mock_APIPort.go:28.2,28.64 1 0
github.com/lamtrinh/go-ecom-hexagon/order-service/internal/ports/mock_APIPort.go:28.64,30.3 1 0
github.com/lamtrinh/go-ecom-hexagon/order-service/internal/ports/mock_APIPort.go:30.8,32.3 1 0
github.com/lamtrinh/go-ecom-hexagon/order-service/internal/ports/mock_APIPort.go:34.2,34.57 1 0
github.com/lamtrinh/go-ecom-hexagon/order-service/internal/ports/mock_APIPort.go:34.57,36.3 1 0
github.com/lamtrinh/go-ecom-hexagon/order-service/internal/ports/mock_APIPort.go:36.8,38.3 1 0
github.com/lamtrinh/go-ecom-hexagon/order-service/internal/ports/mock_APIPort.go:40.2,40.15 1 0
github.com/lamtrinh/go-ecom-hexagon/order-service/internal/ports/mock_APIPort.go:48.17,52.19 3 0
github.com/lamtrinh/go-ecom-hexagon/order-service/internal/ports/mock_APIPort.go:52.19,52.49 1 0
github.com/lamtrinh/go-ecom-hexagon/order-service/internal/ports/mock_APIPort.go:54.2,54.13 1 0
github.com/lamtrinh/go-ecom-hexagon/order-service/internal/ports/mock_DBPort.go:16.61,19.19 2 0
github.com/lamtrinh/go-ecom-hexagon/order-service/internal/ports/mock_DBPort.go:19.19,20.45 1 0
github.com/lamtrinh/go-ecom-hexagon/order-service/internal/ports/mock_DBPort.go:23.2,25.67 3 0
github.com/lamtrinh/go-ecom-hexagon/order-service/internal/ports/mock_DBPort.go:25.67,27.3 1 0
github.com/lamtrinh/go-ecom-hexagon/order-service/internal/ports/mock_DBPort.go:28.2,28.58 1 0
github.com/lamtrinh/go-ecom-hexagon/order-service/internal/ports/mock_DBPort.go:28.58,30.3 1 0
github.com/lamtrinh/go-ecom-hexagon/order-service/internal/ports/mock_DBPort.go:30.8,32.3 1 0
github.com/lamtrinh/go-ecom-hexagon/order-service/internal/ports/mock_DBPort.go:34.2,34.51 1 0
github.com/lamtrinh/go-ecom-hexagon/order-service/internal/ports/mock_DBPort.go:34.51,36.3 1 0
github.com/lamtrinh/go-ecom-hexagon/order-service/internal/ports/mock_DBPort.go:36.8,38.3 1 0
github.com/lamtrinh/go-ecom-hexagon/order-service/internal/ports/mock_DBPort.go:40.2,40.15 1 0
github.com/lamtrinh/go-ecom-hexagon/order-service/internal/ports/mock_DBPort.go:44.53,47.19 2 0
github.com/lamtrinh/go-ecom-hexagon/order-service/internal/ports/mock_DBPort.go:47.19,48.46 1 0
github.com/lamtrinh/go-ecom-hexagon/order-service/internal/ports/mock_DBPort.go:51.2,52.58 2 0
github.com/lamtrinh/go-ecom-hexagon/order-service/internal/ports/mock_DBPort.go:52.58,54.3 1 0
github.com/lamtrinh/go-ecom-hexagon/order-service/internal/ports/mock_DBPort.go:54.8,56.3 1 0
github.com/lamtrinh/go-ecom-hexagon/order-service/internal/ports/mock_DBPort.go:58.2,58.11 1 0
github.com/lamtrinh/go-ecom-hexagon/order-service/internal/ports/mock_DBPort.go:66.16,70.19 3 0
github.com/lamtrinh/go-ecom-hexagon/order-service/internal/ports/mock_DBPort.go:70.19,70.49 1 0
github.com/lamtrinh/go-ecom-hexagon/order-service/internal/ports/mock_DBPort.go:72.2,72.13 1 0
github.com/lamtrinh/go-ecom-hexagon/order-service/internal/ports/mock_PaymentPort.go:16.60,19.19 2 0
github.com/lamtrinh/go-ecom-hexagon/order-service/internal/ports/mock_PaymentPort.go:19.19,20.48 1 0
github.com/lamtrinh/go-ecom-hexagon/order-service/internal/ports/mock_PaymentPort.go:23.2,24.58 2 0
github.com/lamtrinh/go-ecom-hexagon/order-service/internal/ports/mock_PaymentPort.go:24.58,26.3 1 0
github.com/lamtrinh/go-ecom-hexagon/order-service/internal/ports/mock_PaymentPort.go:26.8,28.3 1 0
github.com/lamtrinh/go-ecom-hexagon/order-service/internal/ports/mock_PaymentPort.go:30.2,30.11 1 0
github.com/lamtrinh/go-ecom-hexagon/order-service/internal/ports/mock_PaymentPort.go:38.21,42.19 3 0
github.com/lamtrinh/go-ecom-hexagon/order-service/internal/ports/mock_PaymentPort.go:42.19,42.49 1 0
github.com/lamtrinh/go-ecom-hexagon/order-service/internal/ports/mock_PaymentPort.go:44.2,44.13 1 0
github.com/lamtrinh/go-ecom-hexagon/order-service/internal/application/api/api.go:16.78,21.2 1 1
github.com/lamtrinh/go-ecom-hexagon/order-service/internal/application/api/api.go:23.76,25.16 2 1
github.com/lamtrinh/go-ecom-hexagon/order-service/internal/application/api/api.go:25.16,27.3 1 1
github.com/lamtrinh/go-ecom-hexagon/order-service/internal/application/api/api.go:29.2,30.23 2 1
github.com/lamtrinh/go-ecom-hexagon/order-service/internal/application/api/api.go:30.23,43.3 7 1
github.com/lamtrinh/go-ecom-hexagon/order-service/internal/application/api/api.go:45.2,45.19 1 1
github.com/lamtrinh/go-ecom-hexagon/order-service/internal/application/domain/order.go:19.37,21.36 2 0
github.com/lamtrinh/go-ecom-hexagon/order-service/internal/application/domain/order.go:21.36,23.3 1 0
github.com/lamtrinh/go-ecom-hexagon/order-service/internal/application/domain/order.go:25.2,25.14 1 0
github.com/lamtrinh/go-ecom-hexagon/order-service/internal/application/domain/order.go:28.63,35.2 1 0
github.com/lamtrinh/go-ecom-hexagon/order-service/internal/ports/mock_APIPort.go:16.75,19.19 2 0
github.com/lamtrinh/go-ecom-hexagon/order-service/internal/ports/mock_APIPort.go:19.19,20.52 1 0
github.com/lamtrinh/go-ecom-hexagon/order-service/internal/ports/mock_APIPort.go:23.2,25.73 3 0
github.com/lamtrinh/go-ecom-hexagon/order-service/internal/ports/mock_APIPort.go:25.73,27.3 1 0
github.com/lamtrinh/go-ecom-hexagon/order-service/internal/ports/mock_APIPort.go:28.2,28.64 1 0
github.com/lamtrinh/go-ecom-hexagon/order-service/internal/ports/mock_APIPort.go:28.64,30.3 1 0
github.com/lamtrinh/go-ecom-hexagon/order-service/internal/ports/mock_APIPort.go:30.8,32.3 1 0
github.com/lamtrinh/go-ecom-hexagon/order-service/internal/ports/mock_APIPort.go:34.2,34.57 1 0
github.com/lamtrinh/go-ecom-hexagon/order-service/internal/ports/mock_APIPort.go:34.57,36.3 1 0
github.com/lamtrinh/go-ecom-hexagon/order-service/internal/ports/mock_APIPort.go:36.8,38.3 1 0
github.com/lamtrinh/go-ecom-hexagon/order-service/internal/ports/mock_APIPort.go:40.2,40.15 1 0
github.com/lamtrinh/go-ecom-hexagon/order-service/internal/ports/mock_APIPort.go:48.17,52.19 3 0
github.com/lamtrinh/go-ecom-hexagon/order-service/internal/ports/mock_APIPort.go:52.19,52.49 1 0
github.com/lamtrinh/go-ecom-hexagon/order-service/internal/ports/mock_APIPort.go:54.2,54.13 1 0
github.com/lamtrinh/go-ecom-hexagon/order-service/internal/ports/mock_DBPort.go:16.61,19.19 2 0
github.com/lamtrinh/go-ecom-hexagon/order-service/internal/ports/mock_DBPort.go:19.19,20.45 1 0
github.com/lamtrinh/go-ecom-hexagon/order-service/internal/ports/mock_DBPort.go:23.2,25.67 3 0
github.com/lamtrinh/go-ecom-hexagon/order-service/internal/ports/mock_DBPort.go:25.67,27.3 1 0
github.com/lamtrinh/go-ecom-hexagon/order-service/internal/ports/mock_DBPort.go:28.2,28.58 1 0
github.com/lamtrinh/go-ecom-hexagon/order-service/internal/ports/mock_DBPort.go:28.58,30.3 1 0
github.com/lamtrinh/go-ecom-hexagon/order-service/internal/ports/mock_DBPort.go:30.8,32.3 1 0
github.com/lamtrinh/go-ecom-hexagon/order-service/internal/ports/mock_DBPort.go:34.2,34.51 1 0
github.com/lamtrinh/go-ecom-hexagon/order-service/internal/ports/mock_DBPort.go:34.51,36.3 1 0
github.com/lamtrinh/go-ecom-hexagon/order-service/internal/ports/mock_DBPort.go:36.8,38.3 1 0
github.com/lamtrinh/go-ecom-hexagon/order-service/internal/ports/mock_DBPort.go:40.2,40.15 1 0
github.com/lamtrinh/go-ecom-hexagon/order-service/internal/ports/mock_DBPort.go:44.53,47.19 2 1
github.com/lamtrinh/go-ecom-hexagon/order-service/internal/ports/mock_DBPort.go:47.19,48.46 1 0
github.com/lamtrinh/go-ecom-hexagon/order-service/internal/ports/mock_DBPort.go:51.2,52.58 2 1
github.com/lamtrinh/go-ecom-hexagon/order-service/internal/ports/mock_DBPort.go:52.58,54.3 1 0
github.com/lamtrinh/go-ecom-hexagon/order-service/internal/ports/mock_DBPort.go:54.8,56.3 1 1
github.com/lamtrinh/go-ecom-hexagon/order-service/internal/ports/mock_DBPort.go:58.2,58.11 1 1
github.com/lamtrinh/go-ecom-hexagon/order-service/internal/ports/mock_DBPort.go:66.16,70.19 3 1
github.com/lamtrinh/go-ecom-hexagon/order-service/internal/ports/mock_DBPort.go:70.19,70.49 1 1
github.com/lamtrinh/go-ecom-hexagon/order-service/internal/ports/mock_DBPort.go:72.2,72.13 1 1
github.com/lamtrinh/go-ecom-hexagon/order-service/internal/ports/mock_PaymentPort.go:16.60,19.19 2 1
github.com/lamtrinh/go-ecom-hexagon/order-service/internal/ports/mock_PaymentPort.go:19.19,20.48 1 0
github.com/lamtrinh/go-ecom-hexagon/order-service/internal/ports/mock_PaymentPort.go:23.2,24.58 2 1
github.com/lamtrinh/go-ecom-hexagon/order-service/internal/ports/mock_PaymentPort.go:24.58,26.3 1 0
github.com/lamtrinh/go-ecom-hexagon/order-service/internal/ports/mock_PaymentPort.go:26.8,28.3 1 1
github.com/lamtrinh/go-ecom-hexagon/order-service/internal/ports/mock_PaymentPort.go:30.2,30.11 1 1
github.com/lamtrinh/go-ecom-hexagon/order-service/internal/ports/mock_PaymentPort.go:38.21,42.19 3 1
github.com/lamtrinh/go-ecom-hexagon/order-service/internal/ports/mock_PaymentPort.go:42.19,42.49 1 1
github.com/lamtrinh/go-ecom-hexagon/order-service/internal/ports/mock_PaymentPort.go:44.2,44.13 1 1
