mode: set
github.com/lamtrinh/go-ecom-hexagon/order-service/cmd/main.go:13.13,15.16 2 0
github.com/lamtrinh/go-ecom-hexagon/order-service/cmd/main.go:15.16,17.3 1 0
github.com/lamtrinh/go-ecom-hexagon/order-service/cmd/main.go:19.2,20.16 2 0
github.com/lamtrinh/go-ecom-hexagon/order-service/cmd/main.go:20.16,22.3 1 0
github.com/lamtrinh/go-ecom-hexagon/order-service/cmd/main.go:23.2,25.19 3 0
github.com/lamtrinh/go-ecom-hexagon/order-service/config/config.go:9.26,11.2 1 0
github.com/lamtrinh/go-ecom-hexagon/order-service/config/config.go:13.29,15.2 1 0
github.com/lamtrinh/go-ecom-hexagon/order-service/config/config.go:17.22,19.2 1 0
github.com/lamtrinh/go-ecom-hexagon/order-service/config/config.go:21.30,23.2 1 0
github.com/lamtrinh/go-ecom-hexagon/order-service/config/config.go:25.31,29.16 3 0
github.com/lamtrinh/go-ecom-hexagon/order-service/config/config.go:29.16,31.3 1 0
github.com/lamtrinh/go-ecom-hexagon/order-service/config/config.go:33.2,33.13 1 0
github.com/lamtrinh/go-ecom-hexagon/order-service/config/config.go:36.32,38.13 2 0
github.com/lamtrinh/go-ecom-hexagon/order-service/config/config.go:38.13,40.3 1 0
github.com/lamtrinh/go-ecom-hexagon/order-service/config/config.go:42.2,42.10 1 0
github.com/lamtrinh/go-ecom-hexagon/order-service/internal/application/domain/order.go:19.37,21.36 2 0
github.com/lamtrinh/go-ecom-hexagon/order-service/internal/application/domain/order.go:21.36,23.3 1 0
github.com/lamtrinh/go-ecom-hexagon/order-service/internal/application/domain/order.go:25.2,25.14 1 0
github.com/lamtrinh/go-ecom-hexagon/order-service/internal/application/domain/order.go:28.63,35.2 1 0
github.com/lamtrinh/go-ecom-hexagon/order-service/internal/adapters/payment/payment.go:20.54,38.16 4 0
github.com/lamtrinh/go-ecom-hexagon/order-service/internal/adapters/payment/payment.go:38.16,40.3 1 0
github.com/lamtrinh/go-ecom-hexagon/order-service/internal/adapters/payment/payment.go:42.2,46.8 2 0
github.com/lamtrinh/go-ecom-hexagon/order-service/internal/adapters/payment/payment.go:75.52,84.2 3 0
github.com/lamtrinh/go-ecom-hexagon/order-service/internal/adapters/payment/payment.go:86.96,87.145 1 0
github.com/lamtrinh/go-ecom-hexagon/order-service/internal/adapters/payment/payment.go:87.145,88.54 1 0
github.com/lamtrinh/go-ecom-hexagon/order-service/internal/adapters/payment/payment.go:88.54,90.18 2 0
github.com/lamtrinh/go-ecom-hexagon/order-service/internal/adapters/payment/payment.go:90.18,92.5 1 0
github.com/lamtrinh/go-ecom-hexagon/order-service/internal/adapters/payment/payment.go:94.4,94.19 1 0
github.com/lamtrinh/go-ecom-hexagon/order-service/internal/adapters/payment/payment.go:97.3,97.15 1 0
github.com/lamtrinh/go-ecom-hexagon/order-service/internal/adapters/payment/payment.go:101.59,106.51 1 0
github.com/lamtrinh/go-ecom-hexagon/order-service/internal/adapters/payment/payment.go:106.51,109.4 2 0
github.com/lamtrinh/go-ecom-hexagon/order-service/internal/adapters/payment/payment.go:110.62,112.4 1 0
github.com/lamtrinh/go-ecom-hexagon/order-service/internal/adapters/payment/payment.go:115.2,115.71 1 0
github.com/lamtrinh/go-ecom-hexagon/order-service/internal/adapters/grpc/grpc.go:11.117,13.42 2 0
github.com/lamtrinh/go-ecom-hexagon/order-service/internal/adapters/grpc/grpc.go:13.42,19.3 1 0
github.com/lamtrinh/go-ecom-hexagon/order-service/internal/adapters/grpc/grpc.go:21.2,23.16 3 0
github.com/lamtrinh/go-ecom-hexagon/order-service/internal/adapters/grpc/grpc.go:23.16,25.3 1 0
github.com/lamtrinh/go-ecom-hexagon/order-service/internal/adapters/grpc/grpc.go:27.2,29.8 1 0
github.com/lamtrinh/go-ecom-hexagon/order-service/internal/adapters/grpc/grpc.go:32.108,35.46 3 0
github.com/lamtrinh/go-ecom-hexagon/order-service/internal/adapters/grpc/grpc.go:35.46,41.3 1 0
github.com/lamtrinh/go-ecom-hexagon/order-service/internal/adapters/grpc/grpc.go:43.2,43.16 1 0
github.com/lamtrinh/go-ecom-hexagon/order-service/internal/adapters/grpc/grpc.go:43.16,45.3 1 0
github.com/lamtrinh/go-ecom-hexagon/order-service/internal/adapters/grpc/grpc.go:47.2,47.88 1 0
github.com/lamtrinh/go-ecom-hexagon/order-service/internal/adapters/grpc/server.go:22.55,27.2 1 0
github.com/lamtrinh/go-ecom-hexagon/order-service/internal/adapters/grpc/server.go:29.24,31.16 2 0
github.com/lamtrinh/go-ecom-hexagon/order-service/internal/adapters/grpc/server.go:31.16,33.3 1 0
github.com/lamtrinh/go-ecom-hexagon/order-service/internal/adapters/grpc/server.go:35.2,38.38 3 0
github.com/lamtrinh/go-ecom-hexagon/order-service/internal/adapters/grpc/server.go:38.38,40.3 1 0
github.com/lamtrinh/go-ecom-hexagon/order-service/internal/adapters/grpc/server.go:42.2,42.45 1 0
github.com/lamtrinh/go-ecom-hexagon/order-service/internal/adapters/grpc/server.go:42.45,44.3 1 0
github.com/lamtrinh/go-ecom-hexagon/order-service/internal/ports/mock_APIPort.go:16.66,19.19 2 0
github.com/lamtrinh/go-ecom-hexagon/order-service/internal/ports/mock_APIPort.go:19.19,20.50 1 0
github.com/lamtrinh/go-ecom-hexagon/order-service/internal/ports/mock_APIPort.go:23.2,25.66 3 0
github.com/lamtrinh/go-ecom-hexagon/order-service/internal/ports/mock_APIPort.go:25.66,27.3 1 0
github.com/lamtrinh/go-ecom-hexagon/order-service/internal/ports/mock_APIPort.go:28.2,28.57 1 0
github.com/lamtrinh/go-ecom-hexagon/order-service/internal/ports/mock_APIPort.go:28.57,30.3 1 0
github.com/lamtrinh/go-ecom-hexagon/order-service/internal/ports/mock_APIPort.go:30.8,32.3 1 0
github.com/lamtrinh/go-ecom-hexagon/order-service/internal/ports/mock_APIPort.go:34.2,34.50 1 0
github.com/lamtrinh/go-ecom-hexagon/order-service/internal/ports/mock_APIPort.go:34.50,36.3 1 0
github.com/lamtrinh/go-ecom-hexagon/order-service/internal/ports/mock_APIPort.go:36.8,38.3 1 0
github.com/lamtrinh/go-ecom-hexagon/order-service/internal/ports/mock_APIPort.go:40.2,40.15 1 0
github.com/lamtrinh/go-ecom-hexagon/order-service/internal/ports/mock_APIPort.go:44.75,47.19 2 0
github.com/lamtrinh/go-ecom-hexagon/order-service/internal/ports/mock_APIPort.go:47.19,48.52 1 0
github.com/lamtrinh/go-ecom-hexagon/order-service/internal/ports/mock_APIPort.go:51.2,53.73 3 0
github.com/lamtrinh/go-ecom-hexagon/order-service/internal/ports/mock_APIPort.go:53.73,55.3 1 0
github.com/lamtrinh/go-ecom-hexagon/order-service/internal/ports/mock_APIPort.go:56.2,56.64 1 0
github.com/lamtrinh/go-ecom-hexagon/order-service/internal/ports/mock_APIPort.go:56.64,58.3 1 0
github.com/lamtrinh/go-ecom-hexagon/order-service/internal/ports/mock_APIPort.go:58.8,60.3 1 0
github.com/lamtrinh/go-ecom-hexagon/order-service/internal/ports/mock_APIPort.go:62.2,62.57 1 0
github.com/lamtrinh/go-ecom-hexagon/order-service/internal/ports/mock_APIPort.go:62.57,64.3 1 0
github.com/lamtrinh/go-ecom-hexagon/order-service/internal/ports/mock_APIPort.go:64.8,66.3 1 0
github.com/lamtrinh/go-ecom-hexagon/order-service/internal/ports/mock_APIPort.go:68.2,68.15 1 0
github.com/lamtrinh/go-ecom-hexagon/order-service/internal/ports/mock_APIPort.go:76.17,80.19 3 0
github.com/lamtrinh/go-ecom-hexagon/order-service/internal/ports/mock_APIPort.go:80.19,80.49 1 0
github.com/lamtrinh/go-ecom-hexagon/order-service/internal/ports/mock_APIPort.go:82.2,82.13 1 0
github.com/lamtrinh/go-ecom-hexagon/order-service/internal/ports/mock_DBPort.go:16.60,19.19 2 0
github.com/lamtrinh/go-ecom-hexagon/order-service/internal/ports/mock_DBPort.go:19.19,20.45 1 0
github.com/lamtrinh/go-ecom-hexagon/order-service/internal/ports/mock_DBPort.go:23.2,25.66 3 0
github.com/lamtrinh/go-ecom-hexagon/order-service/internal/ports/mock_DBPort.go:25.66,27.3 1 0
github.com/lamtrinh/go-ecom-hexagon/order-service/internal/ports/mock_DBPort.go:28.2,28.57 1 0
github.com/lamtrinh/go-ecom-hexagon/order-service/internal/ports/mock_DBPort.go:28.57,30.3 1 0
github.com/lamtrinh/go-ecom-hexagon/order-service/internal/ports/mock_DBPort.go:30.8,32.3 1 0
github.com/lamtrinh/go-ecom-hexagon/order-service/internal/ports/mock_DBPort.go:34.2,34.50 1 0
github.com/lamtrinh/go-ecom-hexagon/order-service/internal/ports/mock_DBPort.go:34.50,36.3 1 0
github.com/lamtrinh/go-ecom-hexagon/order-service/internal/ports/mock_DBPort.go:36.8,38.3 1 0
github.com/lamtrinh/go-ecom-hexagon/order-service/internal/ports/mock_DBPort.go:40.2,40.15 1 0
github.com/lamtrinh/go-ecom-hexagon/order-service/internal/ports/mock_DBPort.go:44.53,47.19 2 0
github.com/lamtrinh/go-ecom-hexagon/order-service/internal/ports/mock_DBPort.go:47.19,48.46 1 0
github.com/lamtrinh/go-ecom-hexagon/order-service/internal/ports/mock_DBPort.go:51.2,52.58 2 0
github.com/lamtrinh/go-ecom-hexagon/order-service/internal/ports/mock_DBPort.go:52.58,54.3 1 0
github.com/lamtrinh/go-ecom-hexagon/order-service/internal/ports/mock_DBPort.go:54.8,56.3 1 0
github.com/lamtrinh/go-ecom-hexagon/order-service/internal/ports/mock_DBPort.go:58.2,58.11 1 0
github.com/lamtrinh/go-ecom-hexagon/order-service/internal/ports/mock_DBPort.go:66.16,70.19 3 0
github.com/lamtrinh/go-ecom-hexagon/order-service/internal/ports/mock_DBPort.go:70.19,70.49 1 0
github.com/lamtrinh/go-ecom-hexagon/order-service/internal/ports/mock_DBPort.go:72.2,72.13 1 0
github.com/lamtrinh/go-ecom-hexagon/order-service/internal/ports/mock_PaymentPort.go:16.60,19.19 2 0
github.com/lamtrinh/go-ecom-hexagon/order-service/internal/ports/mock_PaymentPort.go:19.19,20.48 1 0
github.com/lamtrinh/go-ecom-hexagon/order-service/internal/ports/mock_PaymentPort.go:23.2,24.58 2 0
github.com/lamtrinh/go-ecom-hexagon/order-service/internal/ports/mock_PaymentPort.go:24.58,26.3 1 0
github.com/lamtrinh/go-ecom-hexagon/order-service/internal/ports/mock_PaymentPort.go:26.8,28.3 1 0
github.com/lamtrinh/go-ecom-hexagon/order-service/internal/ports/mock_PaymentPort.go:30.2,30.11 1 0
github.com/lamtrinh/go-ecom-hexagon/order-service/internal/ports/mock_PaymentPort.go:38.21,42.19 3 0
github.com/lamtrinh/go-ecom-hexagon/order-service/internal/ports/mock_PaymentPort.go:42.19,42.49 1 0
github.com/lamtrinh/go-ecom-hexagon/order-service/internal/ports/mock_PaymentPort.go:44.2,44.13 1 0
github.com/lamtrinh/go-ecom-hexagon/order-service/internal/application/api/api.go:16.78,21.2 1 1
github.com/lamtrinh/go-ecom-hexagon/order-service/internal/application/api/api.go:23.76,25.16 2 1
github.com/lamtrinh/go-ecom-hexagon/order-service/internal/application/api/api.go:25.16,27.3 1 1
github.com/lamtrinh/go-ecom-hexagon/order-service/internal/application/api/api.go:29.2,30.23 2 1
github.com/lamtrinh/go-ecom-hexagon/order-service/internal/application/api/api.go:30.23,43.3 7 1
github.com/lamtrinh/go-ecom-hexagon/order-service/internal/application/api/api.go:45.2,45.19 1 1
github.com/lamtrinh/go-ecom-hexagon/order-service/internal/application/api/api.go:48.63,50.2 1 0
github.com/lamtrinh/go-ecom-hexagon/order-service/internal/application/domain/order.go:19.37,21.36 2 0
github.com/lamtrinh/go-ecom-hexagon/order-service/internal/application/domain/order.go:21.36,23.3 1 0
github.com/lamtrinh/go-ecom-hexagon/order-service/internal/application/domain/order.go:25.2,25.14 1 0
github.com/lamtrinh/go-ecom-hexagon/order-service/internal/application/domain/order.go:28.63,35.2 1 0
github.com/lamtrinh/go-ecom-hexagon/order-service/internal/ports/mock_APIPort.go:16.66,19.19 2 0
github.com/lamtrinh/go-ecom-hexagon/order-service/internal/ports/mock_APIPort.go:19.19,20.50 1 0
github.com/lamtrinh/go-ecom-hexagon/order-service/internal/ports/mock_APIPort.go:23.2,25.66 3 0
github.com/lamtrinh/go-ecom-hexagon/order-service/internal/ports/mock_APIPort.go:25.66,27.3 1 0
github.com/lamtrinh/go-ecom-hexagon/order-service/internal/ports/mock_APIPort.go:28.2,28.57 1 0
github.com/lamtrinh/go-ecom-hexagon/order-service/internal/ports/mock_APIPort.go:28.57,30.3 1 0
github.com/lamtrinh/go-ecom-hexagon/order-service/internal/ports/mock_APIPort.go:30.8,32.3 1 0
github.com/lamtrinh/go-ecom-hexagon/order-service/internal/ports/mock_APIPort.go:34.2,34.50 1 0
github.com/lamtrinh/go-ecom-hexagon/order-service/internal/ports/mock_APIPort.go:34.50,36.3 1 0
github.com/lamtrinh/go-ecom-hexagon/order-service/internal/ports/mock_APIPort.go:36.8,38.3 1 0
github.com/lamtrinh/go-ecom-hexagon/order-service/internal/ports/mock_APIPort.go:40.2,40.15 1 0
github.com/lamtrinh/go-ecom-hexagon/order-service/internal/ports/mock_APIPort.go:44.75,47.19 2 0
github.com/lamtrinh/go-ecom-hexagon/order-service/internal/ports/mock_APIPort.go:47.19,48.52 1 0
github.com/lamtrinh/go-ecom-hexagon/order-service/internal/ports/mock_APIPort.go:51.2,53.73 3 0
github.com/lamtrinh/go-ecom-hexagon/order-service/internal/ports/mock_APIPort.go:53.73,55.3 1 0
github.com/lamtrinh/go-ecom-hexagon/order-service/internal/ports/mock_APIPort.go:56.2,56.64 1 0
github.com/lamtrinh/go-ecom-hexagon/order-service/internal/ports/mock_APIPort.go:56.64,58.3 1 0
github.com/lamtrinh/go-ecom-hexagon/order-service/internal/ports/mock_APIPort.go:58.8,60.3 1 0
github.com/lamtrinh/go-ecom-hexagon/order-service/internal/ports/mock_APIPort.go:62.2,62.57 1 0
github.com/lamtrinh/go-ecom-hexagon/order-service/internal/ports/mock_APIPort.go:62.57,64.3 1 0
github.com/lamtrinh/go-ecom-hexagon/order-service/internal/ports/mock_APIPort.go:64.8,66.3 1 0
github.com/lamtrinh/go-ecom-hexagon/order-service/internal/ports/mock_APIPort.go:68.2,68.15 1 0
github.com/lamtrinh/go-ecom-hexagon/order-service/internal/ports/mock_APIPort.go:76.17,80.19 3 0
github.com/lamtrinh/go-ecom-hexagon/order-service/internal/ports/mock_APIPort.go:80.19,80.49 1 0
github.com/lamtrinh/go-ecom-hexagon/order-service/internal/ports/mock_APIPort.go:82.2,82.13 1 0
github.com/lamtrinh/go-ecom-hexagon/order-service/internal/ports/mock_DBPort.go:16.60,19.19 2 0
github.com/lamtrinh/go-ecom-hexagon/order-service/internal/ports/mock_DBPort.go:19.19,20.45 1 0
github.com/lamtrinh/go-ecom-hexagon/order-service/internal/ports/mock_DBPort.go:23.2,25.66 3 0
github.com/lamtrinh/go-ecom-hexagon/order-service/internal/ports/mock_DBPort.go:25.66,27.3 1 0
github.com/lamtrinh/go-ecom-hexagon/order-service/internal/ports/mock_DBPort.go:28.2,28.57 1 0
github.com/lamtrinh/go-ecom-hexagon/order-service/internal/ports/mock_DBPort.go:28.57,30.3 1 0
github.com/lamtrinh/go-ecom-hexagon/order-service/internal/ports/mock_DBPort.go:30.8,32.3 1 0
github.com/lamtrinh/go-ecom-hexagon/order-service/internal/ports/mock_DBPort.go:34.2,34.50 1 0
github.com/lamtrinh/go-ecom-hexagon/order-service/internal/ports/mock_DBPort.go:34.50,36.3 1 0
github.com/lamtrinh/go-ecom-hexagon/order-service/internal/ports/mock_DBPort.go:36.8,38.3 1 0
github.com/lamtrinh/go-ecom-hexagon/order-service/internal/ports/mock_DBPort.go:40.2,40.15 1 0
github.com/lamtrinh/go-ecom-hexagon/order-service/internal/ports/mock_DBPort.go:44.53,47.19 2 1
github.com/lamtrinh/go-ecom-hexagon/order-service/internal/ports/mock_DBPort.go:47.19,48.46 1 0
github.com/lamtrinh/go-ecom-hexagon/order-service/internal/ports/mock_DBPort.go:51.2,52.58 2 1
github.com/lamtrinh/go-ecom-hexagon/order-service/internal/ports/mock_DBPort.go:52.58,54.3 1 0
github.com/lamtrinh/go-ecom-hexagon/order-service/internal/ports/mock_DBPort.go:54.8,56.3 1 1
github.com/lamtrinh/go-ecom-hexagon/order-service/internal/ports/mock_DBPort.go:58.2,58.11 1 1
github.com/lamtrinh/go-ecom-hexagon/order-service/internal/ports/mock_DBPort.go:66.16,70.19 3 1
github.com/lamtrinh/go-ecom-hexagon/order-service/internal/ports/mock_DBPort.go:70.19,70.49 1 1
github.com/lamtrinh/go-ecom-hexagon/order-service/internal/ports/mock_DBPort.go:72.2,72.13 1 1
github.com/lamtrinh/go-ecom-hexagon/order-service/internal/ports/mock_PaymentPort.go:16.60,19.19 2 1
github.com/lamtrinh/go-ecom-hexagon/order-service/internal/ports/mock_PaymentPort.go:19.19,20.48 1 0
github.com/lamtrinh/go-ecom-hexagon/order-service/internal/ports/mock_PaymentPort.go:23.2,24.58 2 1
github.com/lamtrinh/go-ecom-hexagon/order-service/internal/ports/mock_PaymentPort.go:24.58,26.3 1 0
github.com/lamtrinh/go-ecom-hexagon/order-service/internal/ports/mock_PaymentPort.go:26.8,28.3 1 1
github.com/lamtrinh/go-ecom-hexagon/order-service/internal/ports/mock_PaymentPort.go:30.2,30.11 1 1
github.com/lamtrinh/go-ecom-hexagon/order-service/internal/ports/mock_PaymentPort.go:38.21,42.19 3 1
github.com/lamtrinh/go-ecom-hexagon/order-service/internal/ports/mock_PaymentPort.go:42.19,42.49 1 1
github.com/lamtrinh/go-ecom-hexagon/order-service/internal/ports/mock_PaymentPort.go:44.2,44.13 1 1
github.com/lamtrinh/go-ecom-hexagon/order-service/internal/adapters/db/db.go:31.54,33.19 2 1
github.com/lamtrinh/go-ecom-hexagon/order-service/internal/adapters/db/db.go:33.19,35.3 1 0
github.com/lamtrinh/go-ecom-hexagon/order-service/internal/adapters/db/db.go:37.2,38.18 2 1
github.com/lamtrinh/go-ecom-hexagon/order-service/internal/adapters/db/db.go:38.18,40.3 1 0
github.com/lamtrinh/go-ecom-hexagon/order-service/internal/adapters/db/db.go:42.2,44.8 1 1
github.com/lamtrinh/go-ecom-hexagon/order-service/internal/adapters/db/db.go:47.54,51.50 4 1
github.com/lamtrinh/go-ecom-hexagon/order-service/internal/adapters/db/db.go:51.50,57.3 1 1
github.com/lamtrinh/go-ecom-hexagon/order-service/internal/adapters/db/db.go:59.2,67.25 2 1
github.com/lamtrinh/go-ecom-hexagon/order-service/internal/adapters/db/db.go:70.50,72.45 2 1
github.com/lamtrinh/go-ecom-hexagon/order-service/internal/adapters/db/db.go:72.45,78.3 1 1
github.com/lamtrinh/go-ecom-hexagon/order-service/internal/adapters/db/db.go:80.2,87.22 3 1
github.com/lamtrinh/go-ecom-hexagon/order-service/internal/adapters/db/db.go:87.22,89.3 1 1
github.com/lamtrinh/go-ecom-hexagon/order-service/internal/adapters/db/db.go:91.2,91.18 1 1
github.com/lamtrinh/go-ecom-hexagon/order-service/internal/application/domain/order.go:19.37,21.36 2 0
github.com/lamtrinh/go-ecom-hexagon/order-service/internal/application/domain/order.go:21.36,23.3 1 0
github.com/lamtrinh/go-ecom-hexagon/order-service/internal/application/domain/order.go:25.2,25.14 1 0
github.com/lamtrinh/go-ecom-hexagon/order-service/internal/application/domain/order.go:28.63,35.2 1 1
